[2021-10-19 06:07:27.883] [renderer1] [warning] Ignoring the error while validating workspace folder vsls:/ - No file system provider found for resource 'vsls:/'
[2021-10-19 06:07:28.197] [renderer1] [info] Starting extension host with pid 2038.
[2021-10-19 06:07:28.446] [renderer1] [error] [Extension Host] (node:2038) [DEP0005] DeprecationWarning: Buffer() is deprecated due to security and usability issues. Please use the Buffer.alloc(), Buffer.allocUnsafe(), or Buffer.from() methods instead.
(Use `code --trace-deprecation ...` to show where the warning was created)
[2021-10-19 06:07:30.965] [renderer1] [error] ENOENT: no such file or directory, unlink '/home/vslav/.local/share/vsliveshare/cascade.json': Error: ENOENT: no such file or directory, unlink '/home/vslav/.local/share/vsliveshare/cascade.json'
[2021-10-19 06:13:26.914] [renderer1] [error] Path not found: lazyLoad(() => nlsloc(/main.py: EntryNotFound (FileSystemError): Path not found: lazyLoad(() => nlsloc(/main.py
	at WorkspaceProvider.fileError (/home/vslav/.vscode/extensions/ms-vsliveshare.vsliveshare-1.0.4991/out/prod/extension-prod.js:23361:32)
	at WorkspaceProvider.readFile (/home/vslav/.vscode/extensions/ms-vsliveshare.vsliveshare-1.0.4991/out/prod/extension-prod.js:23034:24)
	at processTicksAndRejections (internal/process/task_queues.js:93:5)
[2021-10-19 06:13:27.683] [renderer1] [info] Starting extension host with pid 2626.
[2021-10-19 06:13:28.062] [renderer1] [error] [Extension Host] (node:2626) [DEP0005] DeprecationWarning: Buffer() is deprecated due to security and usability issues. Please use the Buffer.alloc(), Buffer.allocUnsafe(), or Buffer.from() methods instead.
(Use `code --trace-deprecation ...` to show where the warning was created)
[2021-10-19 06:14:37.019] [renderer1] [warning] Ignoring the error while validating workspace folder vsls:/ - No file system provider found for resource 'vsls:/'
[2021-10-19 06:14:37.277] [renderer1] [info] Starting extension host with pid 2745.
[2021-10-19 06:14:37.841] [renderer1] [error] [Extension Host] (node:2745) [DEP0005] DeprecationWarning: Buffer() is deprecated due to security and usability issues. Please use the Buffer.alloc(), Buffer.allocUnsafe(), or Buffer.from() methods instead.
(Use `code --trace-deprecation ...` to show where the warning was created)
[2021-10-19 06:14:39.795] [renderer1] [error] ENOENT: no such file or directory, unlink '/home/vslav/.local/share/vsliveshare/cascade.json': Error: ENOENT: no such file or directory, unlink '/home/vslav/.local/share/vsliveshare/cascade.json'
[2021-10-19 06:14:42.188] [renderer1] [error] Unable to read file 'vsls:/.vscode/settings.json' (Error: Method not found: file.list.
Cannot process request for service: file. Multiple providers exist, so the request is ambiguous.): Error: Unable to read file 'vsls:/.vscode/settings.json' (Error: Method not found: file.list.
Cannot process request for service: file. Multiple providers exist, so the request is ambiguous.)
    at wi.doReadFileStream (vscode-file://vscode-app/opt/visual-studio-code/resources/app/out/vs/workbench/workbench.desktop.main.js:610:17091)
    at processTicksAndRejections (internal/process/task_queues.js:93:5)
    at async wi.doReadFile (vscode-file://vscode-app/opt/visual-studio-code/resources/app/out/vs/workbench/workbench.desktop.main.js:610:16107)
    at async Object.factory (vscode-file://vscode-app/opt/visual-studio-code/resources/app/out/vs/workbench/workbench.desktop.main.js:610:16022)
[2021-10-19 06:14:42.188] [renderer1] [error] Unable to read file 'vsls:/.vscode/tasks.json' (Error: Method not found: file.list.
Cannot process request for service: file. Multiple providers exist, so the request is ambiguous.): Error: Unable to read file 'vsls:/.vscode/tasks.json' (Error: Method not found: file.list.
Cannot process request for service: file. Multiple providers exist, so the request is ambiguous.)
    at wi.doReadFileStream (vscode-file://vscode-app/opt/visual-studio-code/resources/app/out/vs/workbench/workbench.desktop.main.js:610:17091)
    at processTicksAndRejections (internal/process/task_queues.js:93:5)
    at async wi.doReadFile (vscode-file://vscode-app/opt/visual-studio-code/resources/app/out/vs/workbench/workbench.desktop.main.js:610:16107)
    at async Object.factory (vscode-file://vscode-app/opt/visual-studio-code/resources/app/out/vs/workbench/workbench.desktop.main.js:610:16022)
[2021-10-19 06:14:42.188] [renderer1] [error] Unable to read file 'vsls:/.vscode/launch.json' (Error: Method not found: file.list.
Cannot process request for service: file. Multiple providers exist, so the request is ambiguous.): Error: Unable to read file 'vsls:/.vscode/launch.json' (Error: Method not found: file.list.
Cannot process request for service: file. Multiple providers exist, so the request is ambiguous.)
    at wi.doReadFileStream (vscode-file://vscode-app/opt/visual-studio-code/resources/app/out/vs/workbench/workbench.desktop.main.js:610:17091)
    at processTicksAndRejections (internal/process/task_queues.js:93:5)
    at async wi.doReadFile (vscode-file://vscode-app/opt/visual-studio-code/resources/app/out/vs/workbench/workbench.desktop.main.js:610:16107)
    at async Object.factory (vscode-file://vscode-app/opt/visual-studio-code/resources/app/out/vs/workbench/workbench.desktop.main.js:610:16022)
[2021-10-19 06:14:42.230] [renderer1] [error] Unable to read file 'vsls:/.vscode/settings.json' (Error: Method not found: file.list.
Cannot process request for service: file. Multiple providers exist, so the request is ambiguous.): Error: Unable to read file 'vsls:/.vscode/settings.json' (Error: Method not found: file.list.
Cannot process request for service: file. Multiple providers exist, so the request is ambiguous.)
    at wi.doReadFileStream (vscode-file://vscode-app/opt/visual-studio-code/resources/app/out/vs/workbench/workbench.desktop.main.js:610:17091)
    at processTicksAndRejections (internal/process/task_queues.js:93:5)
    at async wi.doReadFile (vscode-file://vscode-app/opt/visual-studio-code/resources/app/out/vs/workbench/workbench.desktop.main.js:610:16107)
    at async Object.factory (vscode-file://vscode-app/opt/visual-studio-code/resources/app/out/vs/workbench/workbench.desktop.main.js:610:16022)
[2021-10-19 06:14:42.230] [renderer1] [error] Unable to read file 'vsls:/.vscode/tasks.json' (Error: Method not found: file.list.
Cannot process request for service: file. Multiple providers exist, so the request is ambiguous.): Error: Unable to read file 'vsls:/.vscode/tasks.json' (Error: Method not found: file.list.
Cannot process request for service: file. Multiple providers exist, so the request is ambiguous.)
    at wi.doReadFileStream (vscode-file://vscode-app/opt/visual-studio-code/resources/app/out/vs/workbench/workbench.desktop.main.js:610:17091)
    at processTicksAndRejections (internal/process/task_queues.js:93:5)
    at async wi.doReadFile (vscode-file://vscode-app/opt/visual-studio-code/resources/app/out/vs/workbench/workbench.desktop.main.js:610:16107)
    at async Object.factory (vscode-file://vscode-app/opt/visual-studio-code/resources/app/out/vs/workbench/workbench.desktop.main.js:610:16022)
[2021-10-19 06:14:42.231] [renderer1] [error] Unable to read file 'vsls:/.vscode/launch.json' (Error: Method not found: file.list.
Cannot process request for service: file. Multiple providers exist, so the request is ambiguous.): Error: Unable to read file 'vsls:/.vscode/launch.json' (Error: Method not found: file.list.
Cannot process request for service: file. Multiple providers exist, so the request is ambiguous.)
    at wi.doReadFileStream (vscode-file://vscode-app/opt/visual-studio-code/resources/app/out/vs/workbench/workbench.desktop.main.js:610:17091)
    at processTicksAndRejections (internal/process/task_queues.js:93:5)
    at async wi.doReadFile (vscode-file://vscode-app/opt/visual-studio-code/resources/app/out/vs/workbench/workbench.desktop.main.js:610:16107)
    at async Object.factory (vscode-file://vscode-app/opt/visual-studio-code/resources/app/out/vs/workbench/workbench.desktop.main.js:610:16022)
[2021-10-19 06:14:42.258] [renderer1] [error] Unable to read file 'vsls:/.vscode/settings.json' (Error: Method not found: file.list.
Cannot process request for service: file. Multiple providers exist, so the request is ambiguous.): Error: Unable to read file 'vsls:/.vscode/settings.json' (Error: Method not found: file.list.
Cannot process request for service: file. Multiple providers exist, so the request is ambiguous.)
    at wi.doReadFileStream (vscode-file://vscode-app/opt/visual-studio-code/resources/app/out/vs/workbench/workbench.desktop.main.js:610:17091)
    at processTicksAndRejections (internal/process/task_queues.js:93:5)
    at async wi.doReadFile (vscode-file://vscode-app/opt/visual-studio-code/resources/app/out/vs/workbench/workbench.desktop.main.js:610:16107)
    at async Object.factory (vscode-file://vscode-app/opt/visual-studio-code/resources/app/out/vs/workbench/workbench.desktop.main.js:610:16022)
[2021-10-19 06:14:42.259] [renderer1] [error] Unable to read file 'vsls:/.vscode/tasks.json' (Error: Method not found: file.list.
Cannot process request for service: file. Multiple providers exist, so the request is ambiguous.): Error: Unable to read file 'vsls:/.vscode/tasks.json' (Error: Method not found: file.list.
Cannot process request for service: file. Multiple providers exist, so the request is ambiguous.)
    at wi.doReadFileStream (vscode-file://vscode-app/opt/visual-studio-code/resources/app/out/vs/workbench/workbench.desktop.main.js:610:17091)
    at processTicksAndRejections (internal/process/task_queues.js:93:5)
    at async wi.doReadFile (vscode-file://vscode-app/opt/visual-studio-code/resources/app/out/vs/workbench/workbench.desktop.main.js:610:16107)
    at async Object.factory (vscode-file://vscode-app/opt/visual-studio-code/resources/app/out/vs/workbench/workbench.desktop.main.js:610:16022)
[2021-10-19 06:14:42.260] [renderer1] [error] Unable to read file 'vsls:/.vscode/launch.json' (Error: Method not found: file.list.
Cannot process request for service: file. Multiple providers exist, so the request is ambiguous.): Error: Unable to read file 'vsls:/.vscode/launch.json' (Error: Method not found: file.list.
Cannot process request for service: file. Multiple providers exist, so the request is ambiguous.)
    at wi.doReadFileStream (vscode-file://vscode-app/opt/visual-studio-code/resources/app/out/vs/workbench/workbench.desktop.main.js:610:17091)
    at processTicksAndRejections (internal/process/task_queues.js:93:5)
    at async wi.doReadFile (vscode-file://vscode-app/opt/visual-studio-code/resources/app/out/vs/workbench/workbench.desktop.main.js:610:16107)
    at async Object.factory (vscode-file://vscode-app/opt/visual-studio-code/resources/app/out/vs/workbench/workbench.desktop.main.js:610:16022)
[2021-10-19 06:14:42.282] [renderer1] [error] Unable to read file 'vsls:/.vscode/settings.json' (Error: Method not found: file.list.
Cannot process request for service: file. Multiple providers exist, so the request is ambiguous.): Error: Unable to read file 'vsls:/.vscode/settings.json' (Error: Method not found: file.list.
Cannot process request for service: file. Multiple providers exist, so the request is ambiguous.)
    at wi.doReadFileStream (vscode-file://vscode-app/opt/visual-studio-code/resources/app/out/vs/workbench/workbench.desktop.main.js:610:17091)
    at processTicksAndRejections (internal/process/task_queues.js:93:5)
    at async wi.doReadFile (vscode-file://vscode-app/opt/visual-studio-code/resources/app/out/vs/workbench/workbench.desktop.main.js:610:16107)
    at async Object.factory (vscode-file://vscode-app/opt/visual-studio-code/resources/app/out/vs/workbench/workbench.desktop.main.js:610:16022)
[2021-10-19 06:14:42.282] [renderer1] [error] Unable to read file 'vsls:/.vscode/tasks.json' (Error: Method not found: file.list.
Cannot process request for service: file. Multiple providers exist, so the request is ambiguous.): Error: Unable to read file 'vsls:/.vscode/tasks.json' (Error: Method not found: file.list.
Cannot process request for service: file. Multiple providers exist, so the request is ambiguous.)
    at wi.doReadFileStream (vscode-file://vscode-app/opt/visual-studio-code/resources/app/out/vs/workbench/workbench.desktop.main.js:610:17091)
    at processTicksAndRejections (internal/process/task_queues.js:93:5)
    at async wi.doReadFile (vscode-file://vscode-app/opt/visual-studio-code/resources/app/out/vs/workbench/workbench.desktop.main.js:610:16107)
    at async Object.factory (vscode-file://vscode-app/opt/visual-studio-code/resources/app/out/vs/workbench/workbench.desktop.main.js:610:16022)
[2021-10-19 06:14:42.283] [renderer1] [error] Unable to read file 'vsls:/.vscode/launch.json' (Error: Method not found: file.list.
Cannot process request for service: file. Multiple providers exist, so the request is ambiguous.): Error: Unable to read file 'vsls:/.vscode/launch.json' (Error: Method not found: file.list.
Cannot process request for service: file. Multiple providers exist, so the request is ambiguous.)
    at wi.doReadFileStream (vscode-file://vscode-app/opt/visual-studio-code/resources/app/out/vs/workbench/workbench.desktop.main.js:610:17091)
    at processTicksAndRejections (internal/process/task_queues.js:93:5)
    at async wi.doReadFile (vscode-file://vscode-app/opt/visual-studio-code/resources/app/out/vs/workbench/workbench.desktop.main.js:610:16107)
    at async Object.factory (vscode-file://vscode-app/opt/visual-studio-code/resources/app/out/vs/workbench/workbench.desktop.main.js:610:16022)
[2021-10-19 06:14:42.316] [renderer1] [error] Unable to read file 'vsls:/.vscode/settings.json' (Error: Method not found: file.list.
Cannot process request for service: file. Multiple providers exist, so the request is ambiguous.): Error: Unable to read file 'vsls:/.vscode/settings.json' (Error: Method not found: file.list.
Cannot process request for service: file. Multiple providers exist, so the request is ambiguous.)
    at wi.doReadFileStream (vscode-file://vscode-app/opt/visual-studio-code/resources/app/out/vs/workbench/workbench.desktop.main.js:610:17091)
    at processTicksAndRejections (internal/process/task_queues.js:93:5)
    at async wi.doReadFile (vscode-file://vscode-app/opt/visual-studio-code/resources/app/out/vs/workbench/workbench.desktop.main.js:610:16107)
    at async Object.factory (vscode-file://vscode-app/opt/visual-studio-code/resources/app/out/vs/workbench/workbench.desktop.main.js:610:16022)
[2021-10-19 06:14:42.317] [renderer1] [error] Unable to read file 'vsls:/.vscode/tasks.json' (Error: Method not found: file.list.
Cannot process request for service: file. Multiple providers exist, so the request is ambiguous.): Error: Unable to read file 'vsls:/.vscode/tasks.json' (Error: Method not found: file.list.
Cannot process request for service: file. Multiple providers exist, so the request is ambiguous.)
    at wi.doReadFileStream (vscode-file://vscode-app/opt/visual-studio-code/resources/app/out/vs/workbench/workbench.desktop.main.js:610:17091)
    at processTicksAndRejections (internal/process/task_queues.js:93:5)
    at async wi.doReadFile (vscode-file://vscode-app/opt/visual-studio-code/resources/app/out/vs/workbench/workbench.desktop.main.js:610:16107)
    at async Object.factory (vscode-file://vscode-app/opt/visual-studio-code/resources/app/out/vs/workbench/workbench.desktop.main.js:610:16022)
[2021-10-19 06:14:42.317] [renderer1] [error] Unable to read file 'vsls:/.vscode/launch.json' (Error: Method not found: file.list.
Cannot process request for service: file. Multiple providers exist, so the request is ambiguous.): Error: Unable to read file 'vsls:/.vscode/launch.json' (Error: Method not found: file.list.
Cannot process request for service: file. Multiple providers exist, so the request is ambiguous.)
    at wi.doReadFileStream (vscode-file://vscode-app/opt/visual-studio-code/resources/app/out/vs/workbench/workbench.desktop.main.js:610:17091)
    at processTicksAndRejections (internal/process/task_queues.js:93:5)
    at async wi.doReadFile (vscode-file://vscode-app/opt/visual-studio-code/resources/app/out/vs/workbench/workbench.desktop.main.js:610:16107)
    at async Object.factory (vscode-file://vscode-app/opt/visual-studio-code/resources/app/out/vs/workbench/workbench.desktop.main.js:610:16022)
[2021-10-19 06:14:42.327] [renderer1] [error] Unable to read file 'vsls:/.vscode/settings.json' (Error: Method not found: file.list.
Cannot process request for service: file. Multiple providers exist, so the request is ambiguous.): Error: Unable to read file 'vsls:/.vscode/settings.json' (Error: Method not found: file.list.
Cannot process request for service: file. Multiple providers exist, so the request is ambiguous.)
    at wi.doReadFileStream (vscode-file://vscode-app/opt/visual-studio-code/resources/app/out/vs/workbench/workbench.desktop.main.js:610:17091)
    at processTicksAndRejections (internal/process/task_queues.js:93:5)
    at async wi.doReadFile (vscode-file://vscode-app/opt/visual-studio-code/resources/app/out/vs/workbench/workbench.desktop.main.js:610:16107)
    at async Object.factory (vscode-file://vscode-app/opt/visual-studio-code/resources/app/out/vs/workbench/workbench.desktop.main.js:610:16022)
[2021-10-19 06:14:42.350] [renderer1] [error] Unable to read file 'vsls:/.vscode/tasks.json' (Error: Method not found: file.list.
Cannot process request for service: file. Multiple providers exist, so the request is ambiguous.): Error: Unable to read file 'vsls:/.vscode/tasks.json' (Error: Method not found: file.list.
Cannot process request for service: file. Multiple providers exist, so the request is ambiguous.)
    at wi.doReadFileStream (vscode-file://vscode-app/opt/visual-studio-code/resources/app/out/vs/workbench/workbench.desktop.main.js:610:17091)
    at processTicksAndRejections (internal/process/task_queues.js:93:5)
    at async wi.doReadFile (vscode-file://vscode-app/opt/visual-studio-code/resources/app/out/vs/workbench/workbench.desktop.main.js:610:16107)
    at async Object.factory (vscode-file://vscode-app/opt/visual-studio-code/resources/app/out/vs/workbench/workbench.desktop.main.js:610:16022)
[2021-10-19 06:14:42.350] [renderer1] [error] Unable to read file 'vsls:/.vscode/launch.json' (Error: Method not found: file.list.
Cannot process request for service: file. Multiple providers exist, so the request is ambiguous.): Error: Unable to read file 'vsls:/.vscode/launch.json' (Error: Method not found: file.list.
Cannot process request for service: file. Multiple providers exist, so the request is ambiguous.)
    at wi.doReadFileStream (vscode-file://vscode-app/opt/visual-studio-code/resources/app/out/vs/workbench/workbench.desktop.main.js:610:17091)
    at processTicksAndRejections (internal/process/task_queues.js:93:5)
    at async wi.doReadFile (vscode-file://vscode-app/opt/visual-studio-code/resources/app/out/vs/workbench/workbench.desktop.main.js:610:16107)
    at async Object.factory (vscode-file://vscode-app/opt/visual-studio-code/resources/app/out/vs/workbench/workbench.desktop.main.js:610:16022)
[2021-10-19 06:14:42.351] [renderer1] [error] Unable to read file 'vsls:/.vscode/settings.json' (Error: Method not found: file.list.
Cannot process request for service: file. Multiple providers exist, so the request is ambiguous.): Error: Unable to read file 'vsls:/.vscode/settings.json' (Error: Method not found: file.list.
Cannot process request for service: file. Multiple providers exist, so the request is ambiguous.)
    at wi.doReadFileStream (vscode-file://vscode-app/opt/visual-studio-code/resources/app/out/vs/workbench/workbench.desktop.main.js:610:17091)
    at processTicksAndRejections (internal/process/task_queues.js:93:5)
    at async wi.doReadFile (vscode-file://vscode-app/opt/visual-studio-code/resources/app/out/vs/workbench/workbench.desktop.main.js:610:16107)
    at async Object.factory (vscode-file://vscode-app/opt/visual-studio-code/resources/app/out/vs/workbench/workbench.desktop.main.js:610:16022)
[2021-10-19 06:14:42.377] [renderer1] [error] Unable to read file 'vsls:/.vscode/tasks.json' (Error: Method not found: file.list.
Cannot process request for service: file. Multiple providers exist, so the request is ambiguous.): Error: Unable to read file 'vsls:/.vscode/tasks.json' (Error: Method not found: file.list.
Cannot process request for service: file. Multiple providers exist, so the request is ambiguous.)
    at wi.doReadFileStream (vscode-file://vscode-app/opt/visual-studio-code/resources/app/out/vs/workbench/workbench.desktop.main.js:610:17091)
    at processTicksAndRejections (internal/process/task_queues.js:93:5)
    at async wi.doReadFile (vscode-file://vscode-app/opt/visual-studio-code/resources/app/out/vs/workbench/workbench.desktop.main.js:610:16107)
    at async Object.factory (vscode-file://vscode-app/opt/visual-studio-code/resources/app/out/vs/workbench/workbench.desktop.main.js:610:16022)
[2021-10-19 06:14:42.378] [renderer1] [error] Unable to read file 'vsls:/.vscode/launch.json' (Error: Method not found: file.list.
Cannot process request for service: file. Multiple providers exist, so the request is ambiguous.): Error: Unable to read file 'vsls:/.vscode/launch.json' (Error: Method not found: file.list.
Cannot process request for service: file. Multiple providers exist, so the request is ambiguous.)
    at wi.doReadFileStream (vscode-file://vscode-app/opt/visual-studio-code/resources/app/out/vs/workbench/workbench.desktop.main.js:610:17091)
    at processTicksAndRejections (internal/process/task_queues.js:93:5)
    at async wi.doReadFile (vscode-file://vscode-app/opt/visual-studio-code/resources/app/out/vs/workbench/workbench.desktop.main.js:610:16107)
    at async Object.factory (vscode-file://vscode-app/opt/visual-studio-code/resources/app/out/vs/workbench/workbench.desktop.main.js:610:16022)
[2021-10-19 06:15:19.403] [renderer1] [error] Unable to read file 'vsls:/.vscode/settings.json' (Error: Method not found: file.list.
Cannot process request for service: file. Multiple providers exist, so the request is ambiguous.): Error: Unable to read file 'vsls:/.vscode/settings.json' (Error: Method not found: file.list.
Cannot process request for service: file. Multiple providers exist, so the request is ambiguous.)
    at wi.doReadFileStream (vscode-file://vscode-app/opt/visual-studio-code/resources/app/out/vs/workbench/workbench.desktop.main.js:610:17091)
    at processTicksAndRejections (internal/process/task_queues.js:93:5)
    at async wi.doReadFile (vscode-file://vscode-app/opt/visual-studio-code/resources/app/out/vs/workbench/workbench.desktop.main.js:610:16107)
    at async Object.factory (vscode-file://vscode-app/opt/visual-studio-code/resources/app/out/vs/workbench/workbench.desktop.main.js:610:16022)
[2021-10-19 06:15:19.403] [renderer1] [error] Unable to read file 'vsls:/.vscode/tasks.json' (Error: Method not found: file.list.
Cannot process request for service: file. Multiple providers exist, so the request is ambiguous.): Error: Unable to read file 'vsls:/.vscode/tasks.json' (Error: Method not found: file.list.
Cannot process request for service: file. Multiple providers exist, so the request is ambiguous.)
    at wi.doReadFileStream (vscode-file://vscode-app/opt/visual-studio-code/resources/app/out/vs/workbench/workbench.desktop.main.js:610:17091)
    at processTicksAndRejections (internal/process/task_queues.js:93:5)
    at async wi.doReadFile (vscode-file://vscode-app/opt/visual-studio-code/resources/app/out/vs/workbench/workbench.desktop.main.js:610:16107)
    at async Object.factory (vscode-file://vscode-app/opt/visual-studio-code/resources/app/out/vs/workbench/workbench.desktop.main.js:610:16022)
[2021-10-19 06:15:19.403] [renderer1] [error] Unable to read file 'vsls:/.vscode/launch.json' (Error: Method not found: file.list.
Cannot process request for service: file. Multiple providers exist, so the request is ambiguous.): Error: Unable to read file 'vsls:/.vscode/launch.json' (Error: Method not found: file.list.
Cannot process request for service: file. Multiple providers exist, so the request is ambiguous.)
    at wi.doReadFileStream (vscode-file://vscode-app/opt/visual-studio-code/resources/app/out/vs/workbench/workbench.desktop.main.js:610:17091)
    at processTicksAndRejections (internal/process/task_queues.js:93:5)
    at async wi.doReadFile (vscode-file://vscode-app/opt/visual-studio-code/resources/app/out/vs/workbench/workbench.desktop.main.js:610:16107)
    at async Object.factory (vscode-file://vscode-app/opt/visual-studio-code/resources/app/out/vs/workbench/workbench.desktop.main.js:610:16022)
[2021-10-19 06:16:23.330] [renderer1] [info] Starting extension host with pid 2911.
[2021-10-19 06:16:23.690] [renderer1] [error] [Extension Host] (node:2911) [DEP0005] DeprecationWarning: Buffer() is deprecated due to security and usability issues. Please use the Buffer.alloc(), Buffer.allocUnsafe(), or Buffer.from() methods instead.
(Use `code --trace-deprecation ...` to show where the warning was created)
[2021-10-19 06:16:40.338] [renderer1] [warning] Ignoring the error while validating workspace folder vsls:/ - No file system provider found for resource 'vsls:/'
[2021-10-19 06:16:40.647] [renderer1] [info] Starting extension host with pid 2972.
[2021-10-19 06:16:40.994] [renderer1] [error] [Extension Host] (node:2972) [DEP0005] DeprecationWarning: Buffer() is deprecated due to security and usability issues. Please use the Buffer.alloc(), Buffer.allocUnsafe(), or Buffer.from() methods instead.
(Use `code --trace-deprecation ...` to show where the warning was created)
[2021-10-19 06:16:42.938] [renderer1] [error] ENOENT: no such file or directory, unlink '/home/vslav/.local/share/vsliveshare/cascade.json': Error: ENOENT: no such file or directory, unlink '/home/vslav/.local/share/vsliveshare/cascade.json'
[2021-10-19 06:17:34.734] [renderer1] [error] ENOENT: no such file or directory, open '/home/vslav/.config/Code/User/globalStorage/vscodevim.vim/.registers': Error: ENOENT: no such file or directory, open '/home/vslav/.config/Code/User/globalStorage/vscodevim.vim/.registers'
[2021-10-19 06:26:58.529] [renderer1] [error] Service not available: sourceEvent: Error: Service not available: sourceEvent
    at handleResponse (/home/vslav/.vscode/extensions/node_modules/vscode-jsonrpc/lib/main.js:436:1)
    at processMessageQueue (/home/vslav/.vscode/extensions/node_modules/vscode-jsonrpc/lib/main.js:263:1)
    at Immediate.<anonymous> (/home/vslav/.vscode/extensions/node_modules/vscode-jsonrpc/lib/main.js:247:1)
    at processImmediate (internal/timers.js:461:21)
[2021-10-19 06:31:43.916] [renderer1] [error] Path not found: lazyLoad(() => nlsloc(/main.py: EntryNotFound (FileSystemError): Path not found: lazyLoad(() => nlsloc(/main.py
    at WorkspaceProvider.fileError (/home/vslav/.vscode/extensions/liveshare/core/src/file-system-provider/WorkspaceProvider.ts:658:32)
    at WorkspaceProvider.readFile (/home/vslav/.vscode/extensions/liveshare/core/src/file-system-provider/WorkspaceProvider.ts:269:24)
    at runMicrotasks (<anonymous>)
    at processTicksAndRejections (internal/process/task_queues.js:93:5)
[2021-10-19 06:31:44.982] [renderer1] [info] Starting extension host with pid 3688.
[2021-10-19 06:31:45.362] [renderer1] [error] [Extension Host] (node:3688) [DEP0005] DeprecationWarning: Buffer() is deprecated due to security and usability issues. Please use the Buffer.alloc(), Buffer.allocUnsafe(), or Buffer.from() methods instead.
(Use `code --trace-deprecation ...` to show where the warning was created)
[2021-10-19 06:31:46.931] [renderer1] [error] ENOENT: no such file or directory, open '/home/vslav/.config/Code/User/globalStorage/vscodevim.vim/.registers': Error: ENOENT: no such file or directory, open '/home/vslav/.config/Code/User/globalStorage/vscodevim.vim/.registers'
