[Info  - 22:55:27.923] Reading sessions from keychain...
[Info  - 22:55:27.938] Getting sessions for all scopes...
[Info  - 22:55:27.938] Getting sessions for all scopes...
[Info  - 22:55:27.944] Got 0 sessions for all scopes...
[Info  - 22:55:27.944] Got 0 sessions for all scopes...
[Info  - 22:55:28.422] Getting sessions for read:user,user:email...
[Info  - 22:55:28.423] Got 0 sessions for read:user,user:email...
[Info  - 22:58:42.572] Getting sessions for read:user,user:email...
[Info  - 22:58:42.573] Got 0 sessions for read:user,user:email...
[Info  - 22:58:42.576] Getting sessions for read:user,user:email...
[Info  - 22:58:42.576] Got 0 sessions for read:user,user:email...
[Info  - 22:58:43.924] Logging in for the following scopes: read:user user:email
[Trace  - 22:59:10.965] Handling Uri...
[Info  - 22:59:10.965] Exchanging code for token...
[Info  - 22:59:11.445] Token exchange success!
[Info  - 22:59:11.447] Getting user info...
[Info  - 22:59:11.796] Got account info!
[Info  - 22:59:11.796] Storing 1 sessions...
[Info  - 22:59:11.849] Reading sessions from keychain...
[Info  - 22:59:11.849] Stored 1 sessions!
[Info  - 22:59:11.850] Login success!
[Trace  - 22:59:11.880] Token acquired from secret storage.
[Info  - 22:59:11.881] Got stored sessions!
[Trace  - 22:59:11.881] Read the following session from the keychain with the following scopes: read:user,user:email
[Info  - 22:59:11.881] Got 1 verified sessions.
[Info  - 22:59:11.881] Getting sessions for all scopes...
[Info  - 22:59:11.881] Got 1 sessions for all scopes...
