[2021-10-19 06:07:28.481] [exthost] [info] extension host started
[2021-10-19 06:07:28.481] [exthost] [info] Skipping acquiring lock for /home/vslav/.config/Code/User/workspaceStorage/1bea8c67398aec3613d74b93595fa7dc.
[2021-10-19 06:07:28.516] [exthost] [info] ExtensionService#_doActivateExtension vscode.microsoft-authentication, startup: false, activationEvent: 'onAuthenticationRequest:microsoft'
[2021-10-19 06:07:28.516] [exthost] [info] ExtensionService#loadCommonJSModule file:///opt/visual-studio-code/resources/app/extensions/microsoft-authentication/dist/extension.js
[2021-10-19 06:07:28.523] [exthost] [info] ExtensionService#_doActivateExtension ms-vsliveshare.vsliveshare, startup: false, activationEvent: 'onFileSystem:vsls'
[2021-10-19 06:07:28.523] [exthost] [info] ExtensionService#loadCommonJSModule file:///home/vslav/.vscode/extensions/ms-vsliveshare.vsliveshare-1.0.4991/out/prod/extension-prod
[2021-10-19 06:07:28.771] [exthost] [info] ExtensionService#_doActivateExtension vscode.git, startup: true, activationEvent: '*'
[2021-10-19 06:07:28.771] [exthost] [info] ExtensionService#loadCommonJSModule file:///opt/visual-studio-code/resources/app/extensions/git/dist/main
[2021-10-19 06:07:28.907] [exthost] [info] ExtensionService#_doActivateExtension vscode.github-authentication, startup: false, activationEvent: 'onAuthenticationRequest:github'
[2021-10-19 06:07:28.907] [exthost] [info] ExtensionService#loadCommonJSModule file:///opt/visual-studio-code/resources/app/extensions/github-authentication/dist/extension.js
[2021-10-19 06:07:29.958] [exthost] [info] eager extensions activated
[2021-10-19 06:07:29.974] [exthost] [info] ExtensionService#_doActivateExtension vscode.emmet, startup: false, activationEvent: 'onStartupFinished'
[2021-10-19 06:07:29.974] [exthost] [info] ExtensionService#loadCommonJSModule file:///opt/visual-studio-code/resources/app/extensions/emmet/dist/node/emmetNodeMain
[2021-10-19 06:08:52.604] [exthost] [warning] ms-vsliveshare.vsliveshare - Code actions of kind 'quickfix 'requested but returned code action is of kind 'source.organizeImports'. Code action will be dropped. Please check 'CodeActionContext.only' to only return requested code actions.
[2021-10-19 06:08:55.838] [exthost] [warning] ms-vsliveshare.vsliveshare - Code actions of kind 'quickfix 'requested but returned code action is of kind 'source.organizeImports'. Code action will be dropped. Please check 'CodeActionContext.only' to only return requested code actions.
[2021-10-19 06:08:57.332] [exthost] [warning] ms-vsliveshare.vsliveshare - Code actions of kind 'quickfix 'requested but returned code action is of kind 'source.organizeImports'. Code action will be dropped. Please check 'CodeActionContext.only' to only return requested code actions.
[2021-10-19 06:13:26.933] [exthost] [info] extension host terminating: renderer closed the socket
[2021-10-19 06:13:27.849] [exthost] [error] Error: RPC connection closed due to client shut down.
	at Commands.leaveCollaboration (/home/vslav/.vscode/extensions/ms-vsliveshare.vsliveshare-1.0.4991/out/prod/extension-prod.js:196438:42)
	at Commands.onWorkspaceConnectionStatusChanged (/home/vslav/.vscode/extensions/ms-vsliveshare.vsliveshare-1.0.4991/out/prod/extension-prod.js:196683:24)
	at runMicrotasks (<anonymous>)
	at processTicksAndRejections (internal/process/task_queues.js:93:5)
[2021-10-19 06:13:27.850] [exthost] [error] Error: RPC connection closed due to client shut down.
	at Commands.leaveCollaboration (/home/vslav/.vscode/extensions/ms-vsliveshare.vsliveshare-1.0.4991/out/prod/extension-prod.js:196438:42)
	at Commands.onWorkspaceConnectionStatusChanged (/home/vslav/.vscode/extensions/ms-vsliveshare.vsliveshare-1.0.4991/out/prod/extension-prod.js:196683:24)
	at runMicrotasks (<anonymous>)
	at processTicksAndRejections (internal/process/task_queues.js:93:5)
[2021-10-19 06:13:27.850] [exthost] [error] Error: RPC connection closed due to client shut down.
	at Commands.leaveCollaboration (/home/vslav/.vscode/extensions/ms-vsliveshare.vsliveshare-1.0.4991/out/prod/extension-prod.js:196438:42)
	at Commands.onWorkspaceConnectionStatusChanged (/home/vslav/.vscode/extensions/ms-vsliveshare.vsliveshare-1.0.4991/out/prod/extension-prod.js:196683:24)
	at runMicrotasks (<anonymous>)
	at processTicksAndRejections (internal/process/task_queues.js:93:5)
[2021-10-19 06:13:27.850] [exthost] [error] Error: RPC connection closed due to client shut down.
	at Commands.leaveCollaboration (/home/vslav/.vscode/extensions/ms-vsliveshare.vsliveshare-1.0.4991/out/prod/extension-prod.js:196438:42)
	at Commands.onWorkspaceConnectionStatusChanged (/home/vslav/.vscode/extensions/ms-vsliveshare.vsliveshare-1.0.4991/out/prod/extension-prod.js:196683:24)
	at runMicrotasks (<anonymous>)
	at processTicksAndRejections (internal/process/task_queues.js:93:5)
[2021-10-19 06:13:27.944] [exthost] [info] exiting with code 0
[2021-10-19 06:13:28.202] [exthost] [info] extension host started
[2021-10-19 06:13:28.247] [exthost] [info] ExtensionService#_doActivateExtension vscode.microsoft-authentication, startup: false, activationEvent: 'onAuthenticationRequest:microsoft'
[2021-10-19 06:13:28.247] [exthost] [info] ExtensionService#loadCommonJSModule file:///opt/visual-studio-code/resources/app/extensions/microsoft-authentication/dist/extension.js
[2021-10-19 06:13:28.253] [exthost] [info] ExtensionService#_doActivateExtension vscode.debug-auto-launch, startup: true, activationEvent: '*'
[2021-10-19 06:13:28.253] [exthost] [info] ExtensionService#loadCommonJSModule file:///opt/visual-studio-code/resources/app/extensions/debug-auto-launch/dist/extension
[2021-10-19 06:13:28.254] [exthost] [info] ExtensionService#_doActivateExtension vscode.git, startup: true, activationEvent: '*', root cause: vscode.github
[2021-10-19 06:13:28.254] [exthost] [info] ExtensionService#loadCommonJSModule file:///opt/visual-studio-code/resources/app/extensions/git/dist/main
[2021-10-19 06:13:28.265] [exthost] [info] ExtensionService#_doActivateExtension ms-vsliveshare.vsliveshare, startup: true, activationEvent: '*'
[2021-10-19 06:13:28.265] [exthost] [info] ExtensionService#loadCommonJSModule file:///home/vslav/.vscode/extensions/ms-vsliveshare.vsliveshare-1.0.4991/out/prod/extension-prod
[2021-10-19 06:13:28.577] [exthost] [info] ExtensionService#_doActivateExtension ms-vscode.js-debug, startup: false, activationEvent: 'onCommand:extension.js-debug.clearAutoAttachVariables'
[2021-10-19 06:13:28.577] [exthost] [info] ExtensionService#loadCommonJSModule file:///opt/visual-studio-code/resources/app/extensions/ms-vscode.js-debug/src/extension.js
[2021-10-19 06:13:28.644] [exthost] [info] ExtensionService#_doActivateExtension vscode.github, startup: false, activationEvent: '*'
[2021-10-19 06:13:28.644] [exthost] [info] ExtensionService#loadCommonJSModule file:///opt/visual-studio-code/resources/app/extensions/github/dist/extension.js
[2021-10-19 06:13:28.670] [exthost] [info] ExtensionService#_doActivateExtension vscode.github-authentication, startup: false, activationEvent: 'onAuthenticationRequest:github'
[2021-10-19 06:13:28.670] [exthost] [info] ExtensionService#loadCommonJSModule file:///opt/visual-studio-code/resources/app/extensions/github-authentication/dist/extension.js
[2021-10-19 06:13:29.149] [exthost] [info] eager extensions activated
[2021-10-19 06:13:29.178] [exthost] [info] ExtensionService#_doActivateExtension vscode.emmet, startup: false, activationEvent: 'onStartupFinished'
[2021-10-19 06:13:29.178] [exthost] [info] ExtensionService#loadCommonJSModule file:///opt/visual-studio-code/resources/app/extensions/emmet/dist/node/emmetNodeMain
[2021-10-19 06:13:29.182] [exthost] [info] ExtensionService#_doActivateExtension vscode.merge-conflict, startup: false, activationEvent: 'onStartupFinished'
[2021-10-19 06:13:29.182] [exthost] [info] ExtensionService#loadCommonJSModule file:///opt/visual-studio-code/resources/app/extensions/merge-conflict/dist/mergeConflictMain
[2021-10-19 06:14:36.539] [exthost] [info] extension host terminating: renderer closed the socket
[2021-10-19 06:14:37.355] [exthost] [error] Error: Service not available: chat
	at handleResponse (/home/vslav/.vscode/extensions/ms-vsliveshare.vsliveshare-1.0.4991/out/prod/extension-prod.js:150113:48)
	at processMessageQueue (/home/vslav/.vscode/extensions/ms-vsliveshare.vsliveshare-1.0.4991/out/prod/extension-prod.js:149940:17)
	at Immediate.<anonymous> (/home/vslav/.vscode/extensions/ms-vsliveshare.vsliveshare-1.0.4991/out/prod/extension-prod.js:149924:13)
	at processImmediate (internal/timers.js:461:21)
[2021-10-19 06:14:37.632] [exthost] [error] Error: ENOENT: no such file or directory, unlink '/home/vslav/.local/share/vsliveshare/cascade.json'
[2021-10-19 06:14:37.939] [exthost] [info] extension host started
[2021-10-19 06:14:37.939] [exthost] [info] Skipping acquiring lock for /home/vslav/.config/Code/User/workspaceStorage/78917421c44b8dab17be51705193c071.
[2021-10-19 06:14:38.021] [exthost] [info] ExtensionService#_doActivateExtension vscode.microsoft-authentication, startup: false, activationEvent: 'onAuthenticationRequest:microsoft'
[2021-10-19 06:14:38.021] [exthost] [info] ExtensionService#loadCommonJSModule file:///opt/visual-studio-code/resources/app/extensions/microsoft-authentication/dist/extension.js
[2021-10-19 06:14:38.032] [exthost] [info] ExtensionService#_doActivateExtension ms-vsliveshare.vsliveshare, startup: false, activationEvent: 'onFileSystem:vsls'
[2021-10-19 06:14:38.032] [exthost] [info] ExtensionService#loadCommonJSModule file:///home/vslav/.vscode/extensions/ms-vsliveshare.vsliveshare-1.0.4991/out/prod/extension-prod
[2021-10-19 06:14:38.299] [exthost] [info] ExtensionService#_doActivateExtension vscode.git, startup: true, activationEvent: '*'
[2021-10-19 06:14:38.299] [exthost] [info] ExtensionService#loadCommonJSModule file:///opt/visual-studio-code/resources/app/extensions/git/dist/main
[2021-10-19 06:14:38.411] [exthost] [info] ExtensionService#_doActivateExtension vscode.github-authentication, startup: false, activationEvent: 'onAuthenticationRequest:github'
[2021-10-19 06:14:38.411] [exthost] [info] ExtensionService#loadCommonJSModule file:///opt/visual-studio-code/resources/app/extensions/github-authentication/dist/extension.js
[2021-10-19 06:14:38.792] [exthost] [info] eager extensions activated
[2021-10-19 06:14:38.806] [exthost] [info] ExtensionService#_doActivateExtension vscode.emmet, startup: false, activationEvent: 'onStartupFinished'
[2021-10-19 06:14:38.806] [exthost] [info] ExtensionService#loadCommonJSModule file:///opt/visual-studio-code/resources/app/extensions/emmet/dist/node/emmetNodeMain
[2021-10-19 06:14:41.194] [exthost] [info] ExtensionService#_doActivateExtension vscode.configuration-editing, startup: false, activationEvent: 'onLanguage:jsonc'
[2021-10-19 06:14:41.194] [exthost] [info] ExtensionService#loadCommonJSModule file:///opt/visual-studio-code/resources/app/extensions/configuration-editing/dist/configurationEditingMain
[2021-10-19 06:14:41.196] [exthost] [info] ExtensionService#_doActivateExtension vscode.json-language-features, startup: false, activationEvent: 'onLanguage:jsonc'
[2021-10-19 06:14:41.196] [exthost] [info] ExtensionService#loadCommonJSModule file:///opt/visual-studio-code/resources/app/extensions/json-language-features/client/dist/node/jsonClientMain
[2021-10-19 06:14:41.207] [exthost] [info] ExtensionService#_doActivateExtension vscode.typescript-language-features, startup: false, activationEvent: 'onLanguage:jsonc'
[2021-10-19 06:14:41.207] [exthost] [info] ExtensionService#loadCommonJSModule file:///opt/visual-studio-code/resources/app/extensions/typescript-language-features/dist/extension
[2021-10-19 06:14:41.610] [exthost] [info] exiting with code 0
[2021-10-19 06:16:22.584] [exthost] [info] extension host terminating: renderer closed the socket
[2021-10-19 06:16:23.449] [exthost] [error] Error: RPC connection closed due to client shut down.
	at Commands.leaveCollaboration (/home/vslav/.vscode/extensions/ms-vsliveshare.vsliveshare-1.0.4991/out/prod/extension-prod.js:196438:42)
	at Commands.onWorkspaceConnectionStatusChanged (/home/vslav/.vscode/extensions/ms-vsliveshare.vsliveshare-1.0.4991/out/prod/extension-prod.js:196683:24)
	at processTicksAndRejections (internal/process/task_queues.js:93:5)
[2021-10-19 06:16:23.450] [exthost] [error] Error: RPC connection closed due to client shut down.
	at Commands.leaveCollaboration (/home/vslav/.vscode/extensions/ms-vsliveshare.vsliveshare-1.0.4991/out/prod/extension-prod.js:196438:42)
	at Commands.onWorkspaceConnectionStatusChanged (/home/vslav/.vscode/extensions/ms-vsliveshare.vsliveshare-1.0.4991/out/prod/extension-prod.js:196683:24)
	at processTicksAndRejections (internal/process/task_queues.js:93:5)
[2021-10-19 06:16:23.450] [exthost] [error] Error: RPC connection closed due to client shut down.
	at Commands.leaveCollaboration (/home/vslav/.vscode/extensions/ms-vsliveshare.vsliveshare-1.0.4991/out/prod/extension-prod.js:196438:42)
	at Commands.onWorkspaceConnectionStatusChanged (/home/vslav/.vscode/extensions/ms-vsliveshare.vsliveshare-1.0.4991/out/prod/extension-prod.js:196683:24)
	at processTicksAndRejections (internal/process/task_queues.js:93:5)
[2021-10-19 06:16:23.450] [exthost] [error] Error: RPC connection closed due to client shut down.
	at Commands.leaveCollaboration (/home/vslav/.vscode/extensions/ms-vsliveshare.vsliveshare-1.0.4991/out/prod/extension-prod.js:196438:42)
	at Commands.onWorkspaceConnectionStatusChanged (/home/vslav/.vscode/extensions/ms-vsliveshare.vsliveshare-1.0.4991/out/prod/extension-prod.js:196683:24)
	at processTicksAndRejections (internal/process/task_queues.js:93:5)
[2021-10-19 06:16:23.597] [exthost] [info] exiting with code 0
[2021-10-19 06:16:23.832] [exthost] [info] extension host started
[2021-10-19 06:16:23.875] [exthost] [info] ExtensionService#_doActivateExtension vscode.microsoft-authentication, startup: false, activationEvent: 'onAuthenticationRequest:microsoft'
[2021-10-19 06:16:23.875] [exthost] [info] ExtensionService#loadCommonJSModule file:///opt/visual-studio-code/resources/app/extensions/microsoft-authentication/dist/extension.js
[2021-10-19 06:16:23.881] [exthost] [info] ExtensionService#_doActivateExtension vscode.debug-auto-launch, startup: true, activationEvent: '*'
[2021-10-19 06:16:23.881] [exthost] [info] ExtensionService#loadCommonJSModule file:///opt/visual-studio-code/resources/app/extensions/debug-auto-launch/dist/extension
[2021-10-19 06:16:23.882] [exthost] [info] ExtensionService#_doActivateExtension vscode.git, startup: true, activationEvent: '*', root cause: vscode.github
[2021-10-19 06:16:23.882] [exthost] [info] ExtensionService#loadCommonJSModule file:///opt/visual-studio-code/resources/app/extensions/git/dist/main
[2021-10-19 06:16:23.894] [exthost] [info] ExtensionService#_doActivateExtension ms-vsliveshare.vsliveshare, startup: true, activationEvent: '*'
[2021-10-19 06:16:23.894] [exthost] [info] ExtensionService#loadCommonJSModule file:///home/vslav/.vscode/extensions/ms-vsliveshare.vsliveshare-1.0.4991/out/prod/extension-prod
[2021-10-19 06:16:24.198] [exthost] [info] ExtensionService#_doActivateExtension ms-vscode.js-debug, startup: false, activationEvent: 'onCommand:extension.js-debug.clearAutoAttachVariables'
[2021-10-19 06:16:24.198] [exthost] [info] ExtensionService#loadCommonJSModule file:///opt/visual-studio-code/resources/app/extensions/ms-vscode.js-debug/src/extension.js
[2021-10-19 06:16:24.272] [exthost] [info] ExtensionService#_doActivateExtension vscode.github, startup: false, activationEvent: '*'
[2021-10-19 06:16:24.272] [exthost] [info] ExtensionService#loadCommonJSModule file:///opt/visual-studio-code/resources/app/extensions/github/dist/extension.js
[2021-10-19 06:16:24.308] [exthost] [info] ExtensionService#_doActivateExtension vscode.github-authentication, startup: false, activationEvent: 'onAuthenticationRequest:github'
[2021-10-19 06:16:24.308] [exthost] [info] ExtensionService#loadCommonJSModule file:///opt/visual-studio-code/resources/app/extensions/github-authentication/dist/extension.js
[2021-10-19 06:16:24.628] [exthost] [info] eager extensions activated
[2021-10-19 06:16:24.649] [exthost] [info] ExtensionService#_doActivateExtension vscode.emmet, startup: false, activationEvent: 'onStartupFinished'
[2021-10-19 06:16:24.650] [exthost] [info] ExtensionService#loadCommonJSModule file:///opt/visual-studio-code/resources/app/extensions/emmet/dist/node/emmetNodeMain
[2021-10-19 06:16:24.654] [exthost] [info] ExtensionService#_doActivateExtension vscode.merge-conflict, startup: false, activationEvent: 'onStartupFinished'
[2021-10-19 06:16:24.654] [exthost] [info] ExtensionService#loadCommonJSModule file:///opt/visual-studio-code/resources/app/extensions/merge-conflict/dist/mergeConflictMain
[2021-10-19 06:16:39.868] [exthost] [info] extension host terminating: renderer closed the socket
[2021-10-19 06:16:40.886] [exthost] [error] Error: Connection got disposed.
	at Object.dispose (/home/vslav/.vscode/extensions/ms-vsliveshare.vsliveshare-1.0.4991/out/prod/extension-prod.js:150553:25)
	at AgentRpcClient.RPCClient.dispose (/home/vslav/.vscode/extensions/ms-vsliveshare.vsliveshare-1.0.4991/out/prod/extension-prod.js:195959:37)
	at d (/opt/visual-studio-code/resources/app/out/vs/workbench/services/extensions/node/extensionHostProcess.js:14:4961)
	at v._deactivate (/opt/visual-studio-code/resources/app/out/vs/workbench/services/extensions/node/extensionHostProcess.js:99:11412)
	at /opt/visual-studio-code/resources/app/out/vs/workbench/services/extensions/node/extensionHostProcess.js:99:9991
	at Array.map (<anonymous>)
	at v.deactivateAll (/opt/visual-studio-code/resources/app/out/vs/workbench/services/extensions/node/extensionHostProcess.js:99:9979)
	at b.terminate (/opt/visual-studio-code/resources/app/out/vs/workbench/services/extensions/node/extensionHostProcess.js:103:723)
	at o (/opt/visual-studio-code/resources/app/out/vs/workbench/services/extensions/node/extensionHostProcess.js:113:32535)
	at Socket.<anonymous> (/opt/visual-studio-code/resources/app/out/vs/workbench/services/extensions/node/extensionHostProcess.js:113:30185)
	at Socket.emit (events.js:327:22)
	at Pipe.<anonymous> (net.js:673:12)
[2021-10-19 06:16:40.886] [exthost] [error] Error: Connection got disposed.
	at Object.dispose (/home/vslav/.vscode/extensions/ms-vsliveshare.vsliveshare-1.0.4991/out/prod/extension-prod.js:150553:25)
	at AgentRpcClient.RPCClient.dispose (/home/vslav/.vscode/extensions/ms-vsliveshare.vsliveshare-1.0.4991/out/prod/extension-prod.js:195959:37)
	at d (/opt/visual-studio-code/resources/app/out/vs/workbench/services/extensions/node/extensionHostProcess.js:14:4961)
	at v._deactivate (/opt/visual-studio-code/resources/app/out/vs/workbench/services/extensions/node/extensionHostProcess.js:99:11412)
	at /opt/visual-studio-code/resources/app/out/vs/workbench/services/extensions/node/extensionHostProcess.js:99:9991
	at Array.map (<anonymous>)
	at v.deactivateAll (/opt/visual-studio-code/resources/app/out/vs/workbench/services/extensions/node/extensionHostProcess.js:99:9979)
	at b.terminate (/opt/visual-studio-code/resources/app/out/vs/workbench/services/extensions/node/extensionHostProcess.js:103:723)
	at o (/opt/visual-studio-code/resources/app/out/vs/workbench/services/extensions/node/extensionHostProcess.js:113:32535)
	at Socket.<anonymous> (/opt/visual-studio-code/resources/app/out/vs/workbench/services/extensions/node/extensionHostProcess.js:113:30185)
	at Socket.emit (events.js:327:22)
	at Pipe.<anonymous> (net.js:673:12)
[2021-10-19 06:16:40.886] [exthost] [error] Error: Connection got disposed.
	at Object.dispose (/home/vslav/.vscode/extensions/ms-vsliveshare.vsliveshare-1.0.4991/out/prod/extension-prod.js:150553:25)
	at AgentRpcClient.RPCClient.dispose (/home/vslav/.vscode/extensions/ms-vsliveshare.vsliveshare-1.0.4991/out/prod/extension-prod.js:195959:37)
	at d (/opt/visual-studio-code/resources/app/out/vs/workbench/services/extensions/node/extensionHostProcess.js:14:4961)
	at v._deactivate (/opt/visual-studio-code/resources/app/out/vs/workbench/services/extensions/node/extensionHostProcess.js:99:11412)
	at /opt/visual-studio-code/resources/app/out/vs/workbench/services/extensions/node/extensionHostProcess.js:99:9991
	at Array.map (<anonymous>)
	at v.deactivateAll (/opt/visual-studio-code/resources/app/out/vs/workbench/services/extensions/node/extensionHostProcess.js:99:9979)
	at b.terminate (/opt/visual-studio-code/resources/app/out/vs/workbench/services/extensions/node/extensionHostProcess.js:103:723)
	at o (/opt/visual-studio-code/resources/app/out/vs/workbench/services/extensions/node/extensionHostProcess.js:113:32535)
	at Socket.<anonymous> (/opt/visual-studio-code/resources/app/out/vs/workbench/services/extensions/node/extensionHostProcess.js:113:30185)
	at Socket.emit (events.js:327:22)
	at Pipe.<anonymous> (net.js:673:12)
[2021-10-19 06:16:40.887] [exthost] [error] Error: ENOENT: no such file or directory, unlink '/home/vslav/.local/share/vsliveshare/cascade.json'
[2021-10-19 06:16:41.088] [exthost] [info] extension host started
[2021-10-19 06:16:41.088] [exthost] [info] Skipping acquiring lock for /home/vslav/.config/Code/User/workspaceStorage/78917421c44b8dab17be51705193c071.
[2021-10-19 06:16:41.156] [exthost] [info] ExtensionService#_doActivateExtension vscode.microsoft-authentication, startup: false, activationEvent: 'onAuthenticationRequest:microsoft'
[2021-10-19 06:16:41.156] [exthost] [info] ExtensionService#loadCommonJSModule file:///opt/visual-studio-code/resources/app/extensions/microsoft-authentication/dist/extension.js
[2021-10-19 06:16:41.165] [exthost] [info] ExtensionService#_doActivateExtension ms-vsliveshare.vsliveshare, startup: false, activationEvent: 'onFileSystem:vsls'
[2021-10-19 06:16:41.165] [exthost] [info] ExtensionService#loadCommonJSModule file:///home/vslav/.vscode/extensions/ms-vsliveshare.vsliveshare-1.0.4991/out/prod/extension-prod
[2021-10-19 06:16:41.443] [exthost] [info] ExtensionService#_doActivateExtension vscode.git, startup: true, activationEvent: '*'
[2021-10-19 06:16:41.443] [exthost] [info] ExtensionService#loadCommonJSModule file:///opt/visual-studio-code/resources/app/extensions/git/dist/main
[2021-10-19 06:16:41.536] [exthost] [info] ExtensionService#_doActivateExtension vscode.github-authentication, startup: false, activationEvent: 'onAuthenticationRequest:github'
[2021-10-19 06:16:41.536] [exthost] [info] ExtensionService#loadCommonJSModule file:///opt/visual-studio-code/resources/app/extensions/github-authentication/dist/extension.js
[2021-10-19 06:16:41.931] [exthost] [info] eager extensions activated
[2021-10-19 06:16:41.945] [exthost] [info] ExtensionService#_doActivateExtension vscode.emmet, startup: false, activationEvent: 'onStartupFinished'
[2021-10-19 06:16:41.945] [exthost] [info] ExtensionService#loadCommonJSModule file:///opt/visual-studio-code/resources/app/extensions/emmet/dist/node/emmetNodeMain
[2021-10-19 06:16:44.877] [exthost] [info] exiting with code 0
[2021-10-19 06:17:32.369] [exthost] [info] ExtensionService#_doActivateExtension vscode.configuration-editing, startup: false, activationEvent: 'onLanguage:json'
[2021-10-19 06:17:32.369] [exthost] [info] ExtensionService#loadCommonJSModule file:///opt/visual-studio-code/resources/app/extensions/configuration-editing/dist/configurationEditingMain
[2021-10-19 06:17:32.371] [exthost] [info] ExtensionService#_doActivateExtension vscode.extension-editing, startup: false, activationEvent: 'onLanguage:json'
[2021-10-19 06:17:32.371] [exthost] [info] ExtensionService#loadCommonJSModule file:///opt/visual-studio-code/resources/app/extensions/extension-editing/dist/extensionEditingMain
[2021-10-19 06:17:32.382] [exthost] [info] ExtensionService#_doActivateExtension vscode.json-language-features, startup: false, activationEvent: 'onLanguage:json'
[2021-10-19 06:17:32.382] [exthost] [info] ExtensionService#loadCommonJSModule file:///opt/visual-studio-code/resources/app/extensions/json-language-features/client/dist/node/jsonClientMain
[2021-10-19 06:17:33.613] [exthost] [info] ExtensionService#_doActivateExtension vscodevim.vim, startup: false, activationEvent: '*'
[2021-10-19 06:17:33.613] [exthost] [info] ExtensionService#loadCommonJSModule file:///home/vslav/.vscode/extensions/vscodevim.vim-1.21.9/out/extension
[2021-10-19 06:31:44.206] [exthost] [info] extension host terminating: renderer closed the socket
[2021-10-19 06:31:44.586] [exthost] [error] TypeError: Converting circular structure to JSON
    --> starting at object with constructor 't'
    |     property '_readableState' -> object with constructor 'C'
    |     property 'pipes' -> object with constructor 'Array'
    |     index 0 -> object with constructor 't.ConsoleForElectron'
    --- property 'parent' closes the circle
    at JSON.stringify (<anonymous>)
    at /home/vslav/.vscode/extensions/vscodevim.vim-1.21.9/src/register/register.ts:357:16
    at runMicrotasks (<anonymous>)
    at process.async (internal/process/task_queues.js:93:5)
    at Object.e.deactivate (/home/vslav/.vscode/extensions/vscodevim.vim-1.21.9/extension.ts:36:8)
    at async Promise.all (index 8)
    at v.deactivateAll (/opt/visual-studio-code/resources/app/out/vs/workbench/services/extensions/node/extensionHostProcess.js:99:10017)
[2021-10-19 06:31:45.103] [exthost] [error] Error: RPC connection closed due to client shut down.
    at Commands.leaveCollaboration (/home/vslav/.vscode/extensions/ms-vsliveshare.vsliveshare-1.0.4991/src/commands.ts:315:42)
    at Commands.onWorkspaceConnectionStatusChanged (/home/vslav/.vscode/extensions/ms-vsliveshare.vsliveshare-1.0.4991/src/commands.ts:602:24)
    at runMicrotasks (<anonymous>)
    at processTicksAndRejections (internal/process/task_queues.js:93:5)
[2021-10-19 06:31:45.103] [exthost] [error] Error: RPC connection closed due to client shut down.
    at Commands.leaveCollaboration (/home/vslav/.vscode/extensions/ms-vsliveshare.vsliveshare-1.0.4991/src/commands.ts:315:42)
    at Commands.onWorkspaceConnectionStatusChanged (/home/vslav/.vscode/extensions/ms-vsliveshare.vsliveshare-1.0.4991/src/commands.ts:602:24)
    at runMicrotasks (<anonymous>)
    at processTicksAndRejections (internal/process/task_queues.js:93:5)
[2021-10-19 06:31:45.103] [exthost] [error] Error: RPC connection closed due to client shut down.
    at Commands.leaveCollaboration (/home/vslav/.vscode/extensions/ms-vsliveshare.vsliveshare-1.0.4991/src/commands.ts:315:42)
    at Commands.onWorkspaceConnectionStatusChanged (/home/vslav/.vscode/extensions/ms-vsliveshare.vsliveshare-1.0.4991/src/commands.ts:602:24)
    at runMicrotasks (<anonymous>)
    at processTicksAndRejections (internal/process/task_queues.js:93:5)
[2021-10-19 06:31:45.104] [exthost] [error] Error: RPC connection closed due to client shut down.
    at Commands.leaveCollaboration (/home/vslav/.vscode/extensions/ms-vsliveshare.vsliveshare-1.0.4991/src/commands.ts:315:42)
    at Commands.onWorkspaceConnectionStatusChanged (/home/vslav/.vscode/extensions/ms-vsliveshare.vsliveshare-1.0.4991/src/commands.ts:602:24)
    at runMicrotasks (<anonymous>)
    at processTicksAndRejections (internal/process/task_queues.js:93:5)
[2021-10-19 06:31:45.217] [exthost] [info] exiting with code 0
[2021-10-19 06:31:45.513] [exthost] [info] extension host started
[2021-10-19 06:31:45.547] [exthost] [info] ExtensionService#_doActivateExtension vscode.microsoft-authentication, startup: false, activationEvent: 'onAuthenticationRequest:microsoft'
[2021-10-19 06:31:45.547] [exthost] [info] ExtensionService#loadCommonJSModule file:///opt/visual-studio-code/resources/app/extensions/microsoft-authentication/dist/extension.js
[2021-10-19 06:31:45.553] [exthost] [info] ExtensionService#_doActivateExtension vscode.debug-auto-launch, startup: true, activationEvent: '*'
[2021-10-19 06:31:45.553] [exthost] [info] ExtensionService#loadCommonJSModule file:///opt/visual-studio-code/resources/app/extensions/debug-auto-launch/dist/extension
[2021-10-19 06:31:45.554] [exthost] [info] ExtensionService#_doActivateExtension vscode.git, startup: true, activationEvent: '*', root cause: vscode.github
[2021-10-19 06:31:45.554] [exthost] [info] ExtensionService#loadCommonJSModule file:///opt/visual-studio-code/resources/app/extensions/git/dist/main
[2021-10-19 06:31:45.565] [exthost] [info] ExtensionService#_doActivateExtension ms-vsliveshare.vsliveshare, startup: true, activationEvent: '*'
[2021-10-19 06:31:45.565] [exthost] [info] ExtensionService#loadCommonJSModule file:///home/vslav/.vscode/extensions/ms-vsliveshare.vsliveshare-1.0.4991/out/prod/extension-prod
[2021-10-19 06:31:45.812] [exthost] [info] ExtensionService#_doActivateExtension vscodevim.vim, startup: true, activationEvent: '*'
[2021-10-19 06:31:45.812] [exthost] [info] ExtensionService#loadCommonJSModule file:///home/vslav/.vscode/extensions/vscodevim.vim-1.21.9/out/extension
[2021-10-19 06:31:45.955] [exthost] [info] ExtensionService#_doActivateExtension ms-vscode.js-debug, startup: false, activationEvent: 'onCommand:extension.js-debug.clearAutoAttachVariables'
[2021-10-19 06:31:45.955] [exthost] [info] ExtensionService#loadCommonJSModule file:///opt/visual-studio-code/resources/app/extensions/ms-vscode.js-debug/src/extension.js
[2021-10-19 06:31:46.028] [exthost] [info] ExtensionService#_doActivateExtension vscode.github, startup: false, activationEvent: '*'
[2021-10-19 06:31:46.028] [exthost] [info] ExtensionService#loadCommonJSModule file:///opt/visual-studio-code/resources/app/extensions/github/dist/extension.js
[2021-10-19 06:31:46.057] [exthost] [info] ExtensionService#_doActivateExtension vscode.github-authentication, startup: false, activationEvent: 'onAuthenticationRequest:github'
[2021-10-19 06:31:46.057] [exthost] [info] ExtensionService#loadCommonJSModule file:///opt/visual-studio-code/resources/app/extensions/github-authentication/dist/extension.js
[2021-10-19 06:31:46.954] [exthost] [info] eager extensions activated
[2021-10-19 06:31:46.973] [exthost] [info] ExtensionService#_doActivateExtension vscode.emmet, startup: false, activationEvent: 'onStartupFinished'
[2021-10-19 06:31:46.973] [exthost] [info] ExtensionService#loadCommonJSModule file:///opt/visual-studio-code/resources/app/extensions/emmet/dist/node/emmetNodeMain
[2021-10-19 06:31:46.977] [exthost] [info] ExtensionService#_doActivateExtension vscode.merge-conflict, startup: false, activationEvent: 'onStartupFinished'
[2021-10-19 06:31:46.977] [exthost] [info] ExtensionService#loadCommonJSModule file:///opt/visual-studio-code/resources/app/extensions/merge-conflict/dist/mergeConflictMain
[2021-10-19 06:36:52.800] [exthost] [info] extension host terminating: renderer closed the socket
[2021-10-19 06:36:53.864] [exthost] [error] Error: ENOENT: no such file or directory, unlink '/home/vslav/.local/share/vsliveshare/cascade.json'
[2021-10-19 06:36:57.833] [exthost] [info] exiting with code 0
