[2021-10-19 19:53:03.478] [exthost] [info] extension host started
[2021-10-19 19:53:03.532] [exthost] [info] ExtensionService#_doActivateExtension ms-python.python, startup: false, activationEvent: 'onLanguage:python'
[2021-10-19 19:53:03.532] [exthost] [info] ExtensionService#loadCommonJSModule file:///home/vslav/.vscode-oss/extensions/ms-python.python-2021.10.1317843341/out/client/extension
[2021-10-19 19:53:03.599] [exthost] [info] ExtensionService#_doActivateExtension ms-toolsai.jupyter, startup: false, activationEvent: 'onLanguage:python'
[2021-10-19 19:53:03.599] [exthost] [info] ExtensionService#loadCommonJSModule file:///home/vslav/.vscode-oss/extensions/ms-toolsai.jupyter-2021.8.12/out/client/extension
[2021-10-19 19:53:03.690] [exthost] [info] ExtensionService#_doActivateExtension vscode.debug-auto-launch, startup: true, activationEvent: '*'
[2021-10-19 19:53:03.690] [exthost] [info] ExtensionService#loadCommonJSModule file:///usr/share/vscodium/resources/app/extensions/debug-auto-launch/dist/extension
[2021-10-19 19:53:03.692] [exthost] [info] ExtensionService#_doActivateExtension vscode.git, startup: true, activationEvent: '*', root cause: vscode.github
[2021-10-19 19:53:03.692] [exthost] [info] ExtensionService#loadCommonJSModule file:///usr/share/vscodium/resources/app/extensions/git/dist/main
[2021-10-19 19:53:03.715] [exthost] [info] ExtensionService#_doActivateExtension genuitecllc.codetogether, startup: true, activationEvent: '*'
[2021-10-19 19:53:03.715] [exthost] [info] ExtensionService#loadCommonJSModule file:///home/vslav/.vscode-oss/extensions/genuitecllc.codetogether-4.1.3/out/extension.js
[2021-10-19 19:53:04.109] [exthost] [info] ExtensionService#_doActivateExtension vscode.github, startup: true, activationEvent: '*'
[2021-10-19 19:53:04.109] [exthost] [info] ExtensionService#loadCommonJSModule file:///usr/share/vscodium/resources/app/extensions/github/dist/extension.js
[2021-10-19 19:53:04.116] [exthost] [info] ExtensionService#_doActivateExtension ms-vscode.js-debug, startup: false, activationEvent: 'onCommand:extension.js-debug.clearAutoAttachVariables'
[2021-10-19 19:53:04.116] [exthost] [info] ExtensionService#loadCommonJSModule file:///usr/share/vscodium/resources/app/extensions/ms-vscode.js-debug/src/extension.js
[2021-10-19 19:53:04.196] [exthost] [info] eager extensions activated
[2021-10-19 19:53:04.203] [exthost] [info] ExtensionService#_doActivateExtension vscode.emmet, startup: false, activationEvent: 'onStartupFinished'
[2021-10-19 19:53:04.203] [exthost] [info] ExtensionService#loadCommonJSModule file:///usr/share/vscodium/resources/app/extensions/emmet/dist/node/emmetNodeMain
[2021-10-19 19:53:04.209] [exthost] [info] ExtensionService#_doActivateExtension vscode.merge-conflict, startup: false, activationEvent: 'onStartupFinished'
[2021-10-19 19:53:04.209] [exthost] [info] ExtensionService#loadCommonJSModule file:///usr/share/vscodium/resources/app/extensions/merge-conflict/dist/mergeConflictMain
[2021-10-19 19:54:26.720] [exthost] [info] ExtensionService#_doActivateExtension vscode.configuration-editing, startup: false, activationEvent: 'onLanguage:jsonc'
[2021-10-19 19:54:26.720] [exthost] [info] ExtensionService#loadCommonJSModule file:///usr/share/vscodium/resources/app/extensions/configuration-editing/dist/configurationEditingMain
[2021-10-19 19:54:26.725] [exthost] [info] ExtensionService#_doActivateExtension vscode.json-language-features, startup: false, activationEvent: 'onLanguage:jsonc'
[2021-10-19 19:54:26.725] [exthost] [info] ExtensionService#loadCommonJSModule file:///usr/share/vscodium/resources/app/extensions/json-language-features/client/dist/node/jsonClientMain
[2021-10-19 19:54:26.740] [exthost] [info] ExtensionService#_doActivateExtension vscode.typescript-language-features, startup: false, activationEvent: 'onLanguage:jsonc'
[2021-10-19 19:54:26.740] [exthost] [info] ExtensionService#loadCommonJSModule file:///usr/share/vscodium/resources/app/extensions/typescript-language-features/dist/extension
[2021-10-19 19:54:52.702] [exthost] [info] ExtensionService#_doActivateExtension vscode.extension-editing, startup: false, activationEvent: 'onLanguage:json'
[2021-10-19 19:54:52.702] [exthost] [info] ExtensionService#loadCommonJSModule file:///usr/share/vscodium/resources/app/extensions/extension-editing/dist/extensionEditingMain
[2021-10-19 19:54:52.728] [exthost] [info] ExtensionService#_doActivateExtension vscode.npm, startup: false, activationEvent: 'onLanguage:json'
[2021-10-19 19:54:52.728] [exthost] [info] ExtensionService#loadCommonJSModule file:///usr/share/vscodium/resources/app/extensions/npm/dist/npmMain
[2021-10-19 19:56:08.813] [exthost] [info] ExtensionService#_doActivateExtension vscodevim.vim, startup: false, activationEvent: '*'
[2021-10-19 19:56:08.813] [exthost] [info] ExtensionService#loadCommonJSModule file:///home/vslav/.vscode-oss/extensions/vscodevim.vim-1.21.8/out/extension
[2021-10-19 19:56:46.168] [exthost] [info] extension host terminating: renderer closed the socket
[2021-10-19 19:56:46.551] [exthost] [error] TypeError: Converting circular structure to JSON
    --> starting at object with constructor 't'
    |     property '_readableState' -> object with constructor 'C'
    |     property 'pipes' -> object with constructor 'Array'
    |     index 0 -> object with constructor 't.ConsoleForElectron'
    --- property 'parent' closes the circle
    at JSON.stringify (<anonymous>)
    at /home/vslav/.vscode-oss/extensions/vscodevim.vim-1.21.8/src/register/register.ts:357:16
    at process.async (internal/process/task_queues.js:93:5)
    at Object.e.deactivate (/home/vslav/.vscode-oss/extensions/vscodevim.vim-1.21.8/extension.ts:36:8)
    at async Promise.all (index 14)
    at v.deactivateAll (/usr/share/vscodium/resources/app/out/vs/workbench/services/extensions/node/extensionHostProcess.js:99:10017)
[2021-10-19 19:56:47.191] [exthost] [info] exiting with code 0
