00:00:00.000126 main     VirtualBox XPCOM Server 6.1.26 r145957 linux.amd64 (Jul 29 2021 12:15:28) release log
00:00:00.000128 main     Log opened 2021-10-07T22:53:09.848073000Z
00:00:00.000129 main     Build Type: release
00:00:00.000130 main     OS Product: Linux
00:00:00.000130 main     OS Release: 5.14.8-arch1-1
00:00:00.000131 main     OS Version: #1 SMP PREEMPT Sun, 26 Sep 2021 19:36:15 +0000
00:00:00.000144 main     DMI Product Name: NBLB-WAX9N
00:00:00.000148 main     DMI Product Version: M1020
00:00:00.000151 main     Firmware type: UEFI
00:00:00.000752 main     Secure Boot: Disabled
00:00:00.000789 main     Host RAM: 7694MB (7.5GB) total, 6270MB (6.1GB) available
00:00:00.000791 main     Executable: /usr/lib/virtualbox/VBoxSVC
00:00:00.000792 main     Process ID: 22678
00:00:00.000792 main     Package type: LINUX_64BITS_GENERIC (OSE)
00:00:00.002117 main     IPC socket path: /tmp/.vbox-vslav-ipc/ipcd
00:00:00.106544 nspr-2   VirtualBox: object creation starts
00:00:00.106682 nspr-2   Home directory: '/home/vslav/.config/VirtualBox'
00:00:00.119712 nspr-2   NetIfAdpCtlOut: VBoxNetAdpCtl: Error while retrieving link speed for wlp0s20f3: VBoxNetAdpCtl: ioctl failed: Operation not supported
00:00:00.120695 nspr-2   HostDnsMonitor: initializing
00:00:00.121192 nspr-2   NAT: resolv.conf: nameserver 192.168.1.1
00:00:00.121226 nspr-2   HostDnsMonitor: updating information
00:00:00.121270 nspr-2   HostDnsMonitor: old information
00:00:00.121276 nspr-2     no server entries
00:00:00.121282 nspr-2     no domain set
00:00:00.121286 nspr-2     no search string entries
00:00:00.121290 nspr-2   HostDnsMonitor: new information
00:00:00.121294 nspr-2     server 1: 192.168.1.1
00:00:00.121300 nspr-2     no domain set
00:00:00.121304 nspr-2     no search string entries
00:00:00.126120 nspr-2   Failed to open "/dev/vboxdrvu", errno=2, rc=VERR_VM_DRIVER_NOT_INSTALLED
00:00:00.126465 nspr-2   VD: VDInit finished with VINF_SUCCESS
00:00:00.126650 nspr-2   ERROR [COM]: aRC=NS_ERROR_FAILURE (0x80004005) aIID={027bc463-929c-40e8-bf16-fea557cd8e7e} aComponent={SystemPropertiesWrap} aText={Cannot determine default Guest Additions ISO location. Most likely they are not available}, preserve=false aResultDetail=0
00:00:00.127787 nspr-2   VirtualBox: object created
00:05:31.089525 nspr-3   Saving settings file "/home/vslav/.config/VirtualBox/VirtualBox.xml" with version "1.12-linux"
00:05:31.103370 nspr-3   Saving settings file "/home/vslav/.config/VirtualBox/VirtualBox.xml" with version "1.12-linux"
00:05:31.105570 nspr-2   Saving settings file "/home/vslav/.config/VirtualBox/VirtualBox.xml" with version "1.12-linux"
00:05:31.109867 nspr-2   Saving settings file "/home/vslav/.config/VirtualBox/VirtualBox.xml" with version "1.12-linux"
00:05:31.112247 nspr-3   Saving settings file "/home/vslav/.config/VirtualBox/VirtualBox.xml" with version "1.12-linux"
00:05:31.115043 nspr-3   Saving settings file "/home/vslav/.config/VirtualBox/VirtualBox.xml" with version "1.12-linux"
00:05:31.117507 nspr-3   Saving settings file "/home/vslav/.config/VirtualBox/VirtualBox.xml" with version "1.12-linux"
00:05:36.625222 main     VirtualBox: object deletion starts
00:05:36.625367 main     HostDnsMonitor: shutting down ...
00:05:36.636621 main     HostDnsMonitor: shut down
00:05:36.719285 Watcher  ERROR [COM]: aRC=E_ACCESSDENIED (0x80070005) aIID={d0a0163f-e254-4e5b-a1f2-011cf991c38d} aComponent={VirtualBoxWrap} aText={The object is not ready}, preserve=false aResultDetail=0
00:05:41.636720 main     {00007f506c015030} HostPowerServiceLinux::~HostPowerServiceLinux: RTThreadWait() for 5000 ms failed with VERR_TIMEOUT
00:05:41.637340 main     VirtualBox: object deleted
