[2021-10-19 01:03:19.558] [renderer1] [info] Starting extension host with pid 14037.
[2021-10-19 01:03:19.574] [renderer1] [error] Error: Unable to read file '/tmp/mozilla_vslav0/Лабораторная по каскадному классификатору-1.docx' (Error: Unable to resolve nonexistent file '/tmp/mozilla_vslav0/Лабораторная по каскадному классификатору-1.docx')
    at i.handleSetInputError (vscode-file://vscode-app/usr/share/vscodium/resources/app/out/vs/workbench/workbench.desktop.main.js:2417:142707)
    at i.handleSetInputError (vscode-file://vscode-app/usr/share/vscodium/resources/app/out/vs/workbench/workbench.desktop.main.js:2417:146498)
    at i.setInput (vscode-file://vscode-app/usr/share/vscodium/resources/app/out/vs/workbench/workbench.desktop.main.js:2417:142401)
    at processTicksAndRejections (internal/process/task_queues.js:93:5)
    at async h.doSetInput (vscode-file://vscode-app/usr/share/vscodium/resources/app/out/vs/workbench/workbench.desktop.main.js:2417:34236)
    at async h.doOpenEditor (vscode-file://vscode-app/usr/share/vscodium/resources/app/out/vs/workbench/workbench.desktop.main.js:2417:32636)
    at async h.openEditor (vscode-file://vscode-app/usr/share/vscodium/resources/app/out/vs/workbench/workbench.desktop.main.js:2417:32284)
    at async vscode-file://vscode-app/usr/share/vscodium/resources/app/out/vs/workbench/workbench.desktop.main.js:2619:16907
[2021-10-19 01:03:19.911] [renderer1] [error] [Extension Host] (node:14037) [DEP0005] DeprecationWarning: Buffer() is deprecated due to security and usability issues. Please use the Buffer.alloc(), Buffer.allocUnsafe(), or Buffer.from() methods instead.
(Use `codium --trace-deprecation ...` to show where the warning was created)
[2021-10-19 01:03:45.272] [renderer1] [error] Error: Unable to read file '/tmp/mozilla_vslav0/Лабораторная по каскадному классификатору-1.docx' (Error: Unable to resolve nonexistent file '/tmp/mozilla_vslav0/Лабораторная по каскадному классификатору-1.docx')
    at i.handleSetInputError (vscode-file://vscode-app/usr/share/vscodium/resources/app/out/vs/workbench/workbench.desktop.main.js:2417:142707)
    at i.handleSetInputError (vscode-file://vscode-app/usr/share/vscodium/resources/app/out/vs/workbench/workbench.desktop.main.js:2417:146498)
    at i.setInput (vscode-file://vscode-app/usr/share/vscodium/resources/app/out/vs/workbench/workbench.desktop.main.js:2417:142401)
    at async h.doSetInput (vscode-file://vscode-app/usr/share/vscodium/resources/app/out/vs/workbench/workbench.desktop.main.js:2417:34236)
    at async h.doOpenEditor (vscode-file://vscode-app/usr/share/vscodium/resources/app/out/vs/workbench/workbench.desktop.main.js:2417:32636)
    at async h.openEditor (vscode-file://vscode-app/usr/share/vscodium/resources/app/out/vs/workbench/workbench.desktop.main.js:2417:32284)
    at async vscode-file://vscode-app/usr/share/vscodium/resources/app/out/vs/workbench/workbench.desktop.main.js:2619:16907
[2021-10-19 01:04:37.154] [renderer1] [error] EACCES: permission denied, open '/usr/share/vscodium/resources/app/extensions/json-language-features/package.json': Error: EACCES: permission denied, open '/usr/share/vscodium/resources/app/extensions/json-language-features/package.json'
[2021-10-19 01:04:37.154] [renderer1] [error] EACCES: permission denied, open '/usr/share/vscodium/resources/app/extensions/json/package.json': Error: EACCES: permission denied, open '/usr/share/vscodium/resources/app/extensions/json/package.json'
[2021-10-19 01:04:37.155] [renderer1] [error] EACCES: permission denied, open '/usr/share/vscodium/resources/app/extensions/java/package.json': Error: EACCES: permission denied, open '/usr/share/vscodium/resources/app/extensions/java/package.json'
[2021-10-19 01:04:37.156] [renderer1] [error] EACCES: permission denied, open '/usr/share/vscodium/resources/app/extensions/jake/package.json': Error: EACCES: permission denied, open '/usr/share/vscodium/resources/app/extensions/jake/package.json'
[2021-10-19 01:04:37.156] [renderer1] [error] EACCES: permission denied, open '/usr/share/vscodium/resources/app/extensions/javascript/package.json': Error: EACCES: permission denied, open '/usr/share/vscodium/resources/app/extensions/javascript/package.json'
[2021-10-19 01:04:37.157] [renderer1] [error] EACCES: permission denied, open '/usr/share/vscodium/resources/app/extensions/typescript-language-features/package.json': Error: EACCES: permission denied, open '/usr/share/vscodium/resources/app/extensions/typescript-language-features/package.json'
[2021-10-19 01:04:38.645] [renderer1] [error] EACCES: permission denied, open '/usr/share/vscodium/resources/app/extensions/theme-quietlight/package.json': Error: EACCES: permission denied, open '/usr/share/vscodium/resources/app/extensions/theme-quietlight/package.json'
[2021-10-19 01:04:38.648] [renderer1] [error] EACCES: permission denied, open '/usr/share/vscodium/resources/app/extensions/theme-solarized-light/package.json': Error: EACCES: permission denied, open '/usr/share/vscodium/resources/app/extensions/theme-solarized-light/package.json'
[2021-10-19 01:04:41.455] [renderer1] [error] EACCES: permission denied, open '/usr/share/vscodium/resources/app/extensions/configuration-editing/package.json': Error: EACCES: permission denied, open '/usr/share/vscodium/resources/app/extensions/configuration-editing/package.json'
[2021-10-19 01:04:49.102] [renderer1] [error] EACCES: permission denied, open '/usr/share/vscodium/resources/app/extensions/configuration-editing/package.json': Error: EACCES: permission denied, open '/usr/share/vscodium/resources/app/extensions/configuration-editing/package.json'
[2021-10-19 01:04:50.382] [renderer1] [error] EACCES: permission denied, open '/usr/share/vscodium/resources/app/extensions/configuration-editing/package.json': Error: EACCES: permission denied, open '/usr/share/vscodium/resources/app/extensions/configuration-editing/package.json'
[2021-10-19 01:05:14.559] [renderer1] [error] EACCES: permission denied, open '/usr/share/vscodium/resources/app/extensions/configuration-editing/package.json': Error: EACCES: permission denied, open '/usr/share/vscodium/resources/app/extensions/configuration-editing/package.json'
[2021-10-19 01:06:53.176] [renderer1] [error] EACCES: permission denied, open '/usr/share/vscodium/resources/app/extensions/configuration-editing/package.json': Error: EACCES: permission denied, open '/usr/share/vscodium/resources/app/extensions/configuration-editing/package.json'
[2021-10-19 01:10:02.311] [renderer1] [error] EACCES: permission denied, open '/usr/share/vscodium/resources/app/extensions/theme-quietlight/package.json': Error: EACCES: permission denied, open '/usr/share/vscodium/resources/app/extensions/theme-quietlight/package.json'
[2021-10-19 01:10:02.313] [renderer1] [error] EACCES: permission denied, open '/usr/share/vscodium/resources/app/extensions/theme-solarized-light/package.json': Error: EACCES: permission denied, open '/usr/share/vscodium/resources/app/extensions/theme-solarized-light/package.json'
[2021-10-19 01:10:04.963] [renderer1] [error] EACCES: permission denied, open '/usr/share/vscodium/resources/app/extensions/configuration-editing/package.json': Error: EACCES: permission denied, open '/usr/share/vscodium/resources/app/extensions/configuration-editing/package.json'
[2021-10-19 01:11:58.972] [renderer1] [error] EACCES: permission denied, open '/usr/share/vscodium/resources/app/extensions/theme-solarized-light/package.json': Error: EACCES: permission denied, open '/usr/share/vscodium/resources/app/extensions/theme-solarized-light/package.json'
[2021-10-19 01:11:58.972] [renderer1] [error] EACCES: permission denied, open '/usr/share/vscodium/resources/app/extensions/theme-quietlight/package.json': Error: EACCES: permission denied, open '/usr/share/vscodium/resources/app/extensions/theme-quietlight/package.json'
[2021-10-19 01:11:59.474] [renderer1] [error] EACCES: permission denied, open '/usr/share/vscodium/resources/app/extensions/configuration-editing/package.json': Error: EACCES: permission denied, open '/usr/share/vscodium/resources/app/extensions/configuration-editing/package.json'
[2021-10-19 01:12:01.944] [renderer1] [error] EACCES: permission denied, open '/usr/share/vscodium/resources/app/extensions/configuration-editing/package.json': Error: EACCES: permission denied, open '/usr/share/vscodium/resources/app/extensions/configuration-editing/package.json'
