Validating found git in: git
Using git 2.33.0 from git
Opening repository for path='/home/vslav/unic/5_sem/crypto/lr2/build-TkachevLR-Desktop-Debug' failed; ex=Failed to execute git {
  "exitCode": 128,
  "gitErrorCode": "NotAGitRepository",
  "gitCommand": "rev-parse",
  "stdout": "",
  "stderr": "fatal: not a git repository (or any of the parent directories): .git\n"
}
Opening repository for path='/home/vslav/unic/5_sem/crypto/lr2/build-TkachevLR-Desktop-Debug' failed; ex=Failed to execute git {
  "exitCode": 128,
  "gitErrorCode": "NotAGitRepository",
  "gitCommand": "rev-parse",
  "stdout": "",
  "stderr": "fatal: not a git repository (or any of the parent directories): .git\n"
}
Opening repository for path='/home/vslav/unic/5_sem/crypto/lr2/build-TkachevLR-Desktop-Debug/.qmake.stash' failed; ex=Error: spawn ENOTDIR
Opening repository for path='/home/vslav/unic/5_sem/crypto/lr2/build-TkachevLR-Desktop-Debug/Kaleidoscope.txt' failed; ex=Error: spawn ENOTDIR
Opening repository for path='/home/vslav/unic/5_sem/crypto/lr2/build-TkachevLR-Desktop-Debug/Makefile' failed; ex=Error: spawn ENOTDIR
Opening repository for path='/home/vslav/unic/5_sem/crypto/lr2/build-TkachevLR-Desktop-Debug/TkachevLR' failed; ex=Error: spawn ENOTDIR
Opening repository for path='/home/vslav/unic/5_sem/crypto/lr2/build-TkachevLR-Desktop-Debug/decryption.o' failed; ex=Error: spawn ENOTDIR
Opening repository for path='/home/vslav/unic/5_sem/crypto/lr2/build-TkachevLR-Desktop-Debug/encryption.o' failed; ex=Error: spawn ENOTDIR
Opening repository for path='/home/vslav/unic/5_sem/crypto/lr2/build-TkachevLR-Desktop-Debug/main.o' failed; ex=Error: spawn ENOTDIR
Opening repository for path='/home/vslav/unic/5_sem/crypto/lr2/build-TkachevLR-Desktop-Debug/Калейдоскоп.txt' failed; ex=Error: spawn ENOTDIR
Opening repository for path='/home/vslav/unic/5_sem/crypto/lr2/build-TkachevLR-Desktop-Debug/Поход.txt' failed; ex=Error: spawn ENOTDIR
Opening repository for path='/home/vslav/unic/5_sem/crypto/lr2/build-TkachevLR-Desktop-Debug/Поход_д.txt' failed; ex=Error: spawn ENOTDIR
Opening repository for path='/home/vslav/unic/5_sem/crypto/lr2/build-TkachevLR-Desktop-Debug/Поход_ш.txt' failed; ex=Error: spawn ENOTDIR
Opening repository for path='/home/vslav/unic/5_sem/crypto/lr2/build-TkachevLR-Desktop-Debug' failed; ex=Failed to execute git {
  "exitCode": 128,
  "gitErrorCode": "NotAGitRepository",
  "gitCommand": "rev-parse",
  "stdout": "",
  "stderr": "fatal: not a git repository (or any of the parent directories): .git\n"
}
Opening repository for path='/home/vslav/unic/5_sem/crypto/lr2/build-TkachevLR-Desktop-Debug' failed; ex=Failed to execute git {
  "exitCode": 128,
  "gitErrorCode": "NotAGitRepository",
  "gitCommand": "rev-parse",
  "stdout": "",
  "stderr": "fatal: not a git repository (or any of the parent directories): .git\n"
}
Opening repository for path='/home/vslav/unic/5_sem/crypto/lr2/build-TkachevLR-Desktop-Debug' failed; ex=Failed to execute git {
  "exitCode": 128,
  "gitErrorCode": "NotAGitRepository",
  "gitCommand": "rev-parse",
  "stdout": "",
  "stderr": "fatal: not a git repository (or any of the parent directories): .git\n"
}
